2021-03-27T16:00:22+00:00 CRITICAL Uncaught ArgumentCountError: 3 arguments are required, 2 given in C:\xampp\htdocs\juta\wp-admin\includes\class-bulk-upgrader-skin.php:152
Stack trace:
#0 C:\xampp\htdocs\juta\wp-admin\includes\class-bulk-upgrader-skin.php(152): sprintf('%1$s installed ...', 'Contact Form 7')
#1 C:\xampp\htdocs\juta\wp-content\themes\flatsome\inc\classes\class-tgm-plugin-activation.php(3638): Bulk_Upgrader_Skin->after('Contact Form 7')
#2 C:\xampp\htdocs\juta\wp-admin\includes\class-wp-upgrader.php(823): TGMPA_Bulk_Installer_Skin->after()
#3 C:\xampp\htdocs\juta\wp-content\themes\flatsome\inc\classes\class-tgm-plugin-activation.php(3258): WP_Upgrader->run(Array)
#4 C:\xampp\htdocs\juta\wp-content\themes\flatsome\inc\classes\class-tgm-plugin-activation.php(3371): TGMPA_Bulk_Installer->run(Array)
#5 C:\xampp\htdocs\juta\wp-content\themes\flatsome\inc\classes\class-tgm-plugin-activation.php(2977): TGMPA_Bulk_Installer->bulk_install(Array)
#6 C:\xampp\htdocs\juta\wp-content\themes\flatsome\inc\classes\class-tgm-plugin-activation.php(743): TGMPA_List_Table->process_bulk_actions()
#7 C:\xampp\htdocs\juta\wp-includes\class-wp-hook.php(292): TGM_Plugin_Activation->install_plugins_page('')
#8 C:\xampp\htdocs\juta\wp-includes\class-wp-hook.php(316): WP_Hook->apply_filters('', Array)
#9 C:\xampp\htdocs\juta\wp-includes\plugin.php(484): WP_Hook->do_action(Array)
#10 C:\xampp\htdocs\juta\wp-admin\admin.php(259): do_action('appearance_page...')
#11 C:\xampp\htdocs\juta\wp-admin\themes.php(10): require_once('C:\\xampp\\htdocs...')
#12 {main}
  thrown in C:\xampp\htdocs\juta\wp-admin\includes\class-bulk-upgrader-skin.php on line 152

2021-03-27T16:00:40+00:00 CRITICAL Uncaught ArgumentCountError: 3 arguments are required, 2 given in C:\xampp\htdocs\juta\wp-admin\includes\class-bulk-upgrader-skin.php:152
Stack trace:
#0 C:\xampp\htdocs\juta\wp-admin\includes\class-bulk-upgrader-skin.php(152): sprintf('%1$s installed ...', 'Nextend Social ...')
#1 C:\xampp\htdocs\juta\wp-content\themes\flatsome\inc\classes\class-tgm-plugin-activation.php(3638): Bulk_Upgrader_Skin->after('Nextend Social ...')
#2 C:\xampp\htdocs\juta\wp-admin\includes\class-wp-upgrader.php(823): TGMPA_Bulk_Installer_Skin->after()
#3 C:\xampp\htdocs\juta\wp-content\themes\flatsome\inc\classes\class-tgm-plugin-activation.php(3258): WP_Upgrader->run(Array)
#4 C:\xampp\htdocs\juta\wp-content\themes\flatsome\inc\classes\class-tgm-plugin-activation.php(3371): TGMPA_Bulk_Installer->run(Array)
#5 C:\xampp\htdocs\juta\wp-content\themes\flatsome\inc\classes\class-tgm-plugin-activation.php(2977): TGMPA_Bulk_Installer->bulk_install(Array)
#6 C:\xampp\htdocs\juta\wp-content\themes\flatsome\inc\classes\class-tgm-plugin-activation.php(743): TGMPA_List_Table->process_bulk_actions()
#7 C:\xampp\htdocs\juta\wp-includes\class-wp-hook.php(292): TGM_Plugin_Activation->install_plugins_page('')
#8 C:\xampp\htdocs\juta\wp-includes\class-wp-hook.php(316): WP_Hook->apply_filters('', Array)
#9 C:\xampp\htdocs\juta\wp-includes\plugin.php(484): WP_Hook->do_action(Array)
#10 C:\xampp\htdocs\juta\wp-admin\admin.php(259): do_action('appearance_page...')
#11 C:\xampp\htdocs\juta\wp-admin\themes.php(10): require_once('C:\\xampp\\htdocs...')
#12 {main}
  thrown in C:\xampp\htdocs\juta\wp-admin\includes\class-bulk-upgrader-skin.php on line 152

2021-03-27T16:01:02+00:00 CRITICAL Uncaught ArgumentCountError: 3 arguments are required, 2 given in C:\xampp\htdocs\juta\wp-admin\includes\class-bulk-upgrader-skin.php:152
Stack trace:
#0 C:\xampp\htdocs\juta\wp-admin\includes\class-bulk-upgrader-skin.php(152): sprintf('%1$s installed ...', 'Unlimited Sideb...')
#1 C:\xampp\htdocs\juta\wp-content\themes\flatsome\inc\classes\class-tgm-plugin-activation.php(3638): Bulk_Upgrader_Skin->after('Unlimited Sideb...')
#2 C:\xampp\htdocs\juta\wp-admin\includes\class-wp-upgrader.php(823): TGMPA_Bulk_Installer_Skin->after()
#3 C:\xampp\htdocs\juta\wp-content\themes\flatsome\inc\classes\class-tgm-plugin-activation.php(3258): WP_Upgrader->run(Array)
#4 C:\xampp\htdocs\juta\wp-content\themes\flatsome\inc\classes\class-tgm-plugin-activation.php(3371): TGMPA_Bulk_Installer->run(Array)
#5 C:\xampp\htdocs\juta\wp-content\themes\flatsome\inc\classes\class-tgm-plugin-activation.php(2977): TGMPA_Bulk_Installer->bulk_install(Array)
#6 C:\xampp\htdocs\juta\wp-content\themes\flatsome\inc\classes\class-tgm-plugin-activation.php(743): TGMPA_List_Table->process_bulk_actions()
#7 C:\xampp\htdocs\juta\wp-includes\class-wp-hook.php(292): TGM_Plugin_Activation->install_plugins_page('')
#8 C:\xampp\htdocs\juta\wp-includes\class-wp-hook.php(316): WP_Hook->apply_filters('', Array)
#9 C:\xampp\htdocs\juta\wp-includes\plugin.php(484): WP_Hook->do_action(Array)
#10 C:\xampp\htdocs\juta\wp-admin\admin.php(259): do_action('appearance_page...')
#11 C:\xampp\htdocs\juta\wp-admin\themes.php(10): require_once('C:\\xampp\\htdocs...')
#12 {main}
  thrown in C:\xampp\htdocs\juta\wp-admin\includes\class-bulk-upgrader-skin.php on line 152

2021-03-27T16:01:12+00:00 CRITICAL Uncaught ValueError: Unknown format specifier "a" in C:\xampp\htdocs\juta\wp-content\plugins\woosidebars\classes\class-woo-sidebars.php:170
Stack trace:
#0 C:\xampp\htdocs\juta\wp-content\plugins\woosidebars\classes\class-woo-sidebars.php(170): sprintf('Search %a', 'Widget Areas')
#1 C:\xampp\htdocs\juta\wp-includes\class-wp-hook.php(292): Woo_Sidebars->register_post_type('')
#2 C:\xampp\htdocs\juta\wp-includes\class-wp-hook.php(316): WP_Hook->apply_filters(NULL, Array)
#3 C:\xampp\htdocs\juta\wp-includes\plugin.php(484): WP_Hook->do_action(Array)
#4 C:\xampp\htdocs\juta\wp-settings.php(560): do_action('init')
#5 C:\xampp\htdocs\juta\wp-config.php(90): require_once('C:\\xampp\\htdocs...')
#6 C:\xampp\htdocs\juta\wp-load.php(37): require_once('C:\\xampp\\htdocs...')
#7 C:\xampp\htdocs\juta\wp-admin\admin-ajax.php(22): require_once('C:\\xampp\\htdocs...')
#8 {main}
  thrown in C:\xampp\htdocs\juta\wp-content\plugins\woosidebars\classes\class-woo-sidebars.php on line 170

2021-03-27T16:01:15+00:00 CRITICAL Uncaught ValueError: Unknown format specifier "a" in C:\xampp\htdocs\juta\wp-content\plugins\woosidebars\classes\class-woo-sidebars.php:170
Stack trace:
#0 C:\xampp\htdocs\juta\wp-content\plugins\woosidebars\classes\class-woo-sidebars.php(170): sprintf('Search %a', 'Widget Areas')
#1 C:\xampp\htdocs\juta\wp-includes\class-wp-hook.php(292): Woo_Sidebars->register_post_type('')
#2 C:\xampp\htdocs\juta\wp-includes\class-wp-hook.php(316): WP_Hook->apply_filters(NULL, Array)
#3 C:\xampp\htdocs\juta\wp-includes\plugin.php(484): WP_Hook->do_action(Array)
#4 C:\xampp\htdocs\juta\wp-settings.php(560): do_action('init')
#5 C:\xampp\htdocs\juta\wp-config.php(90): require_once('C:\\xampp\\htdocs...')
#6 C:\xampp\htdocs\juta\wp-load.php(37): require_once('C:\\xampp\\htdocs...')
#7 C:\xampp\htdocs\juta\wp-admin\admin-ajax.php(22): require_once('C:\\xampp\\htdocs...')
#8 {main}
  thrown in C:\xampp\htdocs\juta\wp-content\plugins\woosidebars\classes\class-woo-sidebars.php on line 170

2021-03-27T16:01:27+00:00 CRITICAL Uncaught ValueError: Unknown format specifier "a" in C:\xampp\htdocs\juta\wp-content\plugins\woosidebars\classes\class-woo-sidebars.php:170
Stack trace:
#0 C:\xampp\htdocs\juta\wp-content\plugins\woosidebars\classes\class-woo-sidebars.php(170): sprintf('Search %a', 'Widget Areas')
#1 C:\xampp\htdocs\juta\wp-includes\class-wp-hook.php(292): Woo_Sidebars->register_post_type('')
#2 C:\xampp\htdocs\juta\wp-includes\class-wp-hook.php(316): WP_Hook->apply_filters(NULL, Array)
#3 C:\xampp\htdocs\juta\wp-includes\plugin.php(484): WP_Hook->do_action(Array)
#4 C:\xampp\htdocs\juta\wp-settings.php(560): do_action('init')
#5 C:\xampp\htdocs\juta\wp-config.php(90): require_once('C:\\xampp\\htdocs...')
#6 C:\xampp\htdocs\juta\wp-load.php(37): require_once('C:\\xampp\\htdocs...')
#7 C:\xampp\htdocs\juta\wp-admin\admin-ajax.php(22): require_once('C:\\xampp\\htdocs...')
#8 {main}
  thrown in C:\xampp\htdocs\juta\wp-content\plugins\woosidebars\classes\class-woo-sidebars.php on line 170

2021-03-27T16:01:44+00:00 CRITICAL Uncaught ValueError: Unknown format specifier "a" in C:\xampp\htdocs\juta\wp-content\plugins\woosidebars\classes\class-woo-sidebars.php:170
Stack trace:
#0 C:\xampp\htdocs\juta\wp-content\plugins\woosidebars\classes\class-woo-sidebars.php(170): sprintf('Search %a', 'Widget Areas')
#1 C:\xampp\htdocs\juta\wp-includes\class-wp-hook.php(292): Woo_Sidebars->register_post_type('')
#2 C:\xampp\htdocs\juta\wp-includes\class-wp-hook.php(316): WP_Hook->apply_filters(NULL, Array)
#3 C:\xampp\htdocs\juta\wp-includes\plugin.php(484): WP_Hook->do_action(Array)
#4 C:\xampp\htdocs\juta\wp-settings.php(560): do_action('init')
#5 C:\xampp\htdocs\juta\wp-config.php(90): require_once('C:\\xampp\\htdocs...')
#6 C:\xampp\htdocs\juta\wp-load.php(37): require_once('C:\\xampp\\htdocs...')
#7 C:\xampp\htdocs\juta\wp-admin\admin-ajax.php(22): require_once('C:\\xampp\\htdocs...')
#8 {main}
  thrown in C:\xampp\htdocs\juta\wp-content\plugins\woosidebars\classes\class-woo-sidebars.php on line 170

2021-03-27T16:02:19+00:00 CRITICAL Uncaught ValueError: Unknown format specifier "a" in C:\xampp\htdocs\juta\wp-content\plugins\woosidebars\classes\class-woo-sidebars.php:170
Stack trace:
#0 C:\xampp\htdocs\juta\wp-content\plugins\woosidebars\classes\class-woo-sidebars.php(170): sprintf('Search %a', 'Widget Areas')
#1 C:\xampp\htdocs\juta\wp-includes\class-wp-hook.php(292): Woo_Sidebars->register_post_type('')
#2 C:\xampp\htdocs\juta\wp-includes\class-wp-hook.php(316): WP_Hook->apply_filters(NULL, Array)
#3 C:\xampp\htdocs\juta\wp-includes\plugin.php(484): WP_Hook->do_action(Array)
#4 C:\xampp\htdocs\juta\wp-settings.php(560): do_action('init')
#5 C:\xampp\htdocs\juta\wp-config.php(90): require_once('C:\\xampp\\htdocs...')
#6 C:\xampp\htdocs\juta\wp-load.php(37): require_once('C:\\xampp\\htdocs...')
#7 C:\xampp\htdocs\juta\wp-admin\admin-ajax.php(22): require_once('C:\\xampp\\htdocs...')
#8 {main}
  thrown in C:\xampp\htdocs\juta\wp-content\plugins\woosidebars\classes\class-woo-sidebars.php on line 170

2021-03-27T16:02:27+00:00 CRITICAL Uncaught ValueError: Unknown format specifier "a" in C:\xampp\htdocs\juta\wp-content\plugins\woosidebars\classes\class-woo-sidebars.php:170
Stack trace:
#0 C:\xampp\htdocs\juta\wp-content\plugins\woosidebars\classes\class-woo-sidebars.php(170): sprintf('Search %a', 'Widget Areas')
#1 C:\xampp\htdocs\juta\wp-includes\class-wp-hook.php(292): Woo_Sidebars->register_post_type('')
#2 C:\xampp\htdocs\juta\wp-includes\class-wp-hook.php(316): WP_Hook->apply_filters(NULL, Array)
#3 C:\xampp\htdocs\juta\wp-includes\plugin.php(484): WP_Hook->do_action(Array)
#4 C:\xampp\htdocs\juta\wp-settings.php(560): do_action('init')
#5 C:\xampp\htdocs\juta\wp-config.php(90): require_once('C:\\xampp\\htdocs...')
#6 C:\xampp\htdocs\juta\wp-load.php(37): require_once('C:\\xampp\\htdocs...')
#7 C:\xampp\htdocs\juta\wp-blog-header.php(13): require_once('C:\\xampp\\htdocs...')
#8 C:\xampp\htdocs\juta\index.php(17): require('C:\\xampp\\htdocs...')
#9 {main}
  thrown in C:\xampp\htdocs\juta\wp-content\plugins\woosidebars\classes\class-woo-sidebars.php on line 170

2021-03-27T16:02:33+00:00 CRITICAL Uncaught ValueError: Unknown format specifier "a" in C:\xampp\htdocs\juta\wp-content\plugins\woosidebars\classes\class-woo-sidebars.php:170
Stack trace:
#0 C:\xampp\htdocs\juta\wp-content\plugins\woosidebars\classes\class-woo-sidebars.php(170): sprintf('Search %a', 'Widget Areas')
#1 C:\xampp\htdocs\juta\wp-includes\class-wp-hook.php(292): Woo_Sidebars->register_post_type('')
#2 C:\xampp\htdocs\juta\wp-includes\class-wp-hook.php(316): WP_Hook->apply_filters(NULL, Array)
#3 C:\xampp\htdocs\juta\wp-includes\plugin.php(484): WP_Hook->do_action(Array)
#4 C:\xampp\htdocs\juta\wp-settings.php(560): do_action('init')
#5 C:\xampp\htdocs\juta\wp-config.php(90): require_once('C:\\xampp\\htdocs...')
#6 C:\xampp\htdocs\juta\wp-load.php(37): require_once('C:\\xampp\\htdocs...')
#7 C:\xampp\htdocs\juta\wp-admin\admin-ajax.php(22): require_once('C:\\xampp\\htdocs...')
#8 {main}
  thrown in C:\xampp\htdocs\juta\wp-content\plugins\woosidebars\classes\class-woo-sidebars.php on line 170

